{"numFailedTestSuites":1,"numFailedTests":1,"numPassedTestSuites":0,"numPassedTests":34,"numPendingTestSuites":0,"numPendingTests":0,"numRuntimeErrorTestSuites":0,"numTodoTests":0,"numTotalTestSuites":1,"numTotalTests":35,"openHandles":[],"snapshot":{"added":0,"didUpdate":false,"failure":false,"filesAdded":0,"filesRemoved":0,"filesRemovedList":[],"filesUnmatched":0,"filesUpdated":0,"matched":0,"total":0,"unchecked":0,"uncheckedKeysByFile":[],"unmatched":0,"updated":0},"startTime":1773405791733,"success":false,"testResults":[{"assertionResults":[{"ancestorTitles":["useFinancialStatements","initial state"],"duration":32,"failureDetails":[],"failureMessages":[],"fullName":"useFinancialStatements initial state starts with empty processing steps and no errors","invocations":1,"location":null,"numPassingAsserts":7,"retryReasons":[],"status":"passed","title":"starts with empty processing steps and no errors"},{"ancestorTitles":["useFinancialStatements","handlePickAndUpload ظ¤ success flow"],"duration":59,"failureDetails":[],"failureMessages":[],"fullName":"useFinancialStatements handlePickAndUpload ظ¤ success flow picks file, uploads, and transitions steps to done/skipped","invocations":1,"location":null,"numPassingAsserts":10,"retryReasons":[],"status":"passed","title":"picks file, uploads, and transitions steps to done/skipped"},{"ancestorTitles":["useFinancialStatements","handlePickAndUpload ظ¤ picker cancelled"],"duration":6,"failureDetails":[],"failureMessages":[],"fullName":"useFinancialStatements handlePickAndUpload ظ¤ picker cancelled does nothing when user cancels file picker","invocations":1,"location":null,"numPassingAsserts":3,"retryReasons":[],"status":"passed","title":"does nothing when user cancels file picker"},{"ancestorTitles":["useFinancialStatements","handlePickAndUpload ظ¤ file too large"],"duration":17,"failureDetails":[],"failureMessages":[],"fullName":"useFinancialStatements handlePickAndUpload ظ¤ file too large shows alert and aborts when file exceeds 50 MB","invocations":1,"location":null,"numPassingAsserts":2,"retryReasons":[],"status":"passed","title":"shows alert and aborts when file exceeds 50 MB"},{"ancestorTitles":["useFinancialStatements","handlePickAndUpload ظ¤ upload error"],"duration":32,"failureDetails":[],"failureMessages":[],"fullName":"useFinancialStatements handlePickAndUpload ظ¤ upload error classifies timeout errors with user-friendly message","invocations":1,"location":null,"numPassingAsserts":2,"retryReasons":[],"status":"passed","title":"classifies timeout errors with user-friendly message"},{"ancestorTitles":["useFinancialStatements","handlePickAndUpload ظ¤ upload error"],"duration":11,"failureDetails":[],"failureMessages":[],"fullName":"useFinancialStatements handlePickAndUpload ظ¤ upload error classifies 413 payload too large errors","invocations":1,"location":null,"numPassingAsserts":1,"retryReasons":[],"status":"passed","title":"classifies 413 payload too large errors"},{"ancestorTitles":["useFinancialStatements","handlePickAndUpload ظ¤ upload error"],"duration":8,"failureDetails":[],"failureMessages":[],"fullName":"useFinancialStatements handlePickAndUpload ظ¤ upload error classifies 401 unauthorized errors","invocations":1,"location":null,"numPassingAsserts":1,"retryReasons":[],"status":"passed","title":"classifies 401 unauthorized errors"},{"ancestorTitles":["useFinancialStatements","handlePickAndUpload ظ¤ upload error"],"duration":10,"failureDetails":[],"failureMessages":[],"fullName":"useFinancialStatements handlePickAndUpload ظ¤ upload error classifies network errors","invocations":1,"location":null,"numPassingAsserts":1,"retryReasons":[],"status":"passed","title":"classifies network errors"},{"ancestorTitles":["useFinancialStatements","handlePickAndUpload ظ¤ upload error"],"duration":15,"failureDetails":[],"failureMessages":[],"fullName":"useFinancialStatements handlePickAndUpload ظ¤ upload error classifies 500 server errors","invocations":1,"location":null,"numPassingAsserts":1,"retryReasons":[],"status":"passed","title":"classifies 500 server errors"},{"ancestorTitles":["useFinancialStatements","handlePickAndUpload ظ¤ upload error"],"duration":8,"failureDetails":[],"failureMessages":[],"fullName":"useFinancialStatements handlePickAndUpload ظ¤ upload error classifies scan/image PDF errors","invocations":1,"location":null,"numPassingAsserts":1,"retryReasons":[],"status":"passed","title":"classifies scan/image PDF errors"},{"ancestorTitles":["useFinancialStatements","handlePickAndUpload ظ¤ upload error"],"duration":6,"failureDetails":[],"failureMessages":[],"fullName":"useFinancialStatements handlePickAndUpload ظ¤ upload error handles empty statements response as error","invocations":1,"location":null,"numPassingAsserts":2,"retryReasons":[],"status":"passed","title":"handles empty statements response as error"},{"ancestorTitles":["useFinancialStatements","cancelUpload"],"duration":4,"failureDetails":[{}],"failureMessages":["TypeError: rejectUpload is not a function\n    at rejectUpload (C:\\Users\\Sager\\OneDrive\\Desktop\\portfolio_app\\mobile-migration\\mobile-app\\__tests__\\hooks\\useFinancialStatements.test.ts:389:9)\n    at Generator.next (<anonymous>)\n    at asyncGeneratorStep (C:\\Users\\Sager\\OneDrive\\Desktop\\portfolio_app\\mobile-migration\\mobile-app\\node_modules\\@babel\\runtime\\helpers\\asyncToGenerator.js:3:17)\n    at _next (C:\\Users\\Sager\\OneDrive\\Desktop\\portfolio_app\\mobile-migration\\mobile-app\\node_modules\\@babel\\runtime\\helpers\\asyncToGenerator.js:17:9)\n    at C:\\Users\\Sager\\OneDrive\\Desktop\\portfolio_app\\mobile-migration\\mobile-app\\node_modules\\@babel\\runtime\\helpers\\asyncToGenerator.js:22:7\n    at new Promise (<anonymous>)\n    at C:\\Users\\Sager\\OneDrive\\Desktop\\portfolio_app\\mobile-migration\\mobile-app\\node_modules\\@babel\\runtime\\helpers\\asyncToGenerator.js:14:12\n    at callback (C:\\Users\\Sager\\OneDrive\\Desktop\\portfolio_app\\mobile-migration\\mobile-app\\node_modules\\@testing-library\\react-native\\src\\act.ts:31:24)\n    at Object.<anonymous>.process.env.NODE_ENV.exports.act (C:\\Users\\Sager\\OneDrive\\Desktop\\portfolio_app\\mobile-migration\\mobile-app\\node_modules\\react\\cjs\\react.development.js:789:22)\n    at actImplementation (C:\\Users\\Sager\\OneDrive\\Desktop\\portfolio_app\\mobile-migration\\mobile-app\\node_modules\\@testing-library\\react-native\\src\\act.ts:30:25)\n    at Object.<anonymous> (C:\\Users\\Sager\\OneDrive\\Desktop\\portfolio_app\\mobile-migration\\mobile-app\\__tests__\\hooks\\useFinancialStatements.test.ts:388:16)\n    at Generator.next (<anonymous>)\n    at asyncGeneratorStep (C:\\Users\\Sager\\OneDrive\\Desktop\\portfolio_app\\mobile-migration\\mobile-app\\node_modules\\@babel\\runtime\\helpers\\asyncToGenerator.js:3:17)\n    at _next (C:\\Users\\Sager\\OneDrive\\Desktop\\portfolio_app\\mobile-migration\\mobile-app\\node_modules\\@babel\\runtime\\helpers\\asyncToGenerator.js:17:9)\n    at C:\\Users\\Sager\\OneDrive\\Desktop\\portfolio_app\\mobile-migration\\mobile-app\\node_modules\\@babel\\runtime\\helpers\\asyncToGenerator.js:22:7\n    at new Promise (<anonymous>)\n    at Object.<anonymous> (C:\\Users\\Sager\\OneDrive\\Desktop\\portfolio_app\\mobile-migration\\mobile-app\\node_modules\\@babel\\runtime\\helpers\\asyncToGenerator.js:14:12)\n    at Promise.then.completed (C:\\Users\\Sager\\OneDrive\\Desktop\\portfolio_app\\mobile-migration\\mobile-app\\node_modules\\jest-circus\\build\\utils.js:298:28)\n    at new Promise (<anonymous>)\n    at callAsyncCircusFn (C:\\Users\\Sager\\OneDrive\\Desktop\\portfolio_app\\mobile-migration\\mobile-app\\node_modules\\jest-circus\\build\\utils.js:231:10)\n    at _callCircusTest (C:\\Users\\Sager\\OneDrive\\Desktop\\portfolio_app\\mobile-migration\\mobile-app\\node_modules\\jest-circus\\build\\run.js:316:40)\n    at _runTest (C:\\Users\\Sager\\OneDrive\\Desktop\\portfolio_app\\mobile-migration\\mobile-app\\node_modules\\jest-circus\\build\\run.js:252:3)\n    at _runTestsForDescribeBlock (C:\\Users\\Sager\\OneDrive\\Desktop\\portfolio_app\\mobile-migration\\mobile-app\\node_modules\\jest-circus\\build\\run.js:126:9)\n    at _runTestsForDescribeBlock (C:\\Users\\Sager\\OneDrive\\Desktop\\portfolio_app\\mobile-migration\\mobile-app\\node_modules\\jest-circus\\build\\run.js:121:9)\n    at _runTestsForDescribeBlock (C:\\Users\\Sager\\OneDrive\\Desktop\\portfolio_app\\mobile-migration\\mobile-app\\node_modules\\jest-circus\\build\\run.js:121:9)\n    at run (C:\\Users\\Sager\\OneDrive\\Desktop\\portfolio_app\\mobile-migration\\mobile-app\\node_modules\\jest-circus\\build\\run.js:71:3)\n    at runAndTransformResultsToJestFormat (C:\\Users\\Sager\\OneDrive\\Desktop\\portfolio_app\\mobile-migration\\mobile-app\\node_modules\\jest-circus\\build\\legacy-code-todo-rewrite\\jestAdapterInit.js:122:21)\n    at jestAdapter (C:\\Users\\Sager\\OneDrive\\Desktop\\portfolio_app\\mobile-migration\\mobile-app\\node_modules\\jest-circus\\build\\legacy-code-todo-rewrite\\jestAdapter.js:79:19)\n    at runTestInternal (C:\\Users\\Sager\\OneDrive\\Desktop\\portfolio_app\\mobile-migration\\mobile-app\\node_modules\\jest-runner\\build\\runTest.js:367:16)\n    at runTest (C:\\Users\\Sager\\OneDrive\\Desktop\\portfolio_app\\mobile-migration\\mobile-app\\node_modules\\jest-runner\\build\\runTest.js:444:34)"],"fullName":"useFinancialStatements cancelUpload clears processing steps and errors on cancel","invocations":1,"location":null,"numPassingAsserts":0,"retryReasons":[],"status":"failed","title":"clears processing steps and errors on cancel"},{"ancestorTitles":["useFinancialStatements","localStorage cache"],"duration":4,"failureDetails":[],"failureMessages":[],"fullName":"useFinancialStatements localStorage cache saves result to localStorage after successful upload (web)","invocations":1,"location":null,"numPassingAsserts":4,"retryReasons":[],"status":"passed","title":"saves result to localStorage after successful upload (web)"},{"ancestorTitles":["useFinancialStatements","localStorage cache"],"duration":5,"failureDetails":[],"failureMessages":[],"fullName":"useFinancialStatements localStorage cache does NOT cache on native platform","invocations":1,"location":null,"numPassingAsserts":1,"retryReasons":[],"status":"passed","title":"does NOT cache on native platform"},{"ancestorTitles":["useFinancialStatements","runValidation ظ¤ user-initiated"],"duration":4,"failureDetails":[],"failureMessages":[],"fullName":"useFinancialStatements runValidation ظ¤ user-initiated runs validation after successful upload","invocations":1,"location":null,"numPassingAsserts":4,"retryReasons":[],"status":"passed","title":"runs validation after successful upload"},{"ancestorTitles":["useFinancialStatements","runValidation ظ¤ user-initiated"],"duration":1,"failureDetails":[],"failureMessages":[],"fullName":"useFinancialStatements runValidation ظ¤ user-initiated sets error when no file has been uploaded first","invocations":1,"location":null,"numPassingAsserts":1,"retryReasons":[],"status":"passed","title":"sets error when no file has been uploaded first"},{"ancestorTitles":["useFinancialStatements","runValidation ظ¤ user-initiated"],"duration":8,"failureDetails":[],"failureMessages":[],"fullName":"useFinancialStatements runValidation ظ¤ user-initiated handles validation failure gracefully","invocations":1,"location":null,"numPassingAsserts":2,"retryReasons":[],"status":"passed","title":"handles validation failure gracefully"},{"ancestorTitles":["useFinancialStatements","runValidation ظ¤ user-initiated"],"duration":5,"failureDetails":[],"failureMessages":[],"fullName":"useFinancialStatements runValidation ظ¤ user-initiated marks validation as passed when 0 corrections","invocations":1,"location":null,"numPassingAsserts":2,"retryReasons":[],"status":"passed","title":"marks validation as passed when 0 corrections"},{"ancestorTitles":["useFinancialStatements","runPlacement ظ¤ placement verification"],"duration":5,"failureDetails":[],"failureMessages":[],"fullName":"useFinancialStatements runPlacement ظ¤ placement verification runs placement after upload","invocations":1,"location":null,"numPassingAsserts":3,"retryReasons":[],"status":"passed","title":"runs placement after upload"},{"ancestorTitles":["useFinancialStatements","runPlacement ظ¤ placement verification"],"duration":1,"failureDetails":[],"failureMessages":[],"fullName":"useFinancialStatements runPlacement ظ¤ placement verification sets error when no file uploaded","invocations":1,"location":null,"numPassingAsserts":1,"retryReasons":[],"status":"passed","title":"sets error when no file uploaded"},{"ancestorTitles":["useFinancialStatements","acceptValidation / rejectValidation"],"duration":5,"failureDetails":[],"failureMessages":[],"fullName":"useFinancialStatements acceptValidation / rejectValidation marks validation as accepted","invocations":1,"location":null,"numPassingAsserts":1,"retryReasons":[],"status":"passed","title":"marks validation as accepted"},{"ancestorTitles":["useFinancialStatements","acceptValidation / rejectValidation"],"duration":6,"failureDetails":[],"failureMessages":[],"fullName":"useFinancialStatements acceptValidation / rejectValidation marks validation as rejected","invocations":1,"location":null,"numPassingAsserts":1,"retryReasons":[],"status":"passed","title":"marks validation as rejected"},{"ancestorTitles":["useFinancialStatements","dismiss helpers"],"duration":5,"failureDetails":[],"failureMessages":[],"fullName":"useFinancialStatements dismiss helpers dismissSteps clears processing steps","invocations":1,"location":null,"numPassingAsserts":2,"retryReasons":[],"status":"passed","title":"dismissSteps clears processing steps"},{"ancestorTitles":["useFinancialStatements","dismiss helpers"],"duration":8,"failureDetails":[],"failureMessages":[],"fullName":"useFinancialStatements dismiss helpers dismissError clears upload error","invocations":1,"location":null,"numPassingAsserts":2,"retryReasons":[],"status":"passed","title":"dismissError clears upload error"},{"ancestorTitles":["useFinancialStatements","dismiss helpers"],"duration":6,"failureDetails":[],"failureMessages":[],"fullName":"useFinancialStatements dismiss helpers dismissResult clears upload result","invocations":1,"location":null,"numPassingAsserts":2,"retryReasons":[],"status":"passed","title":"dismissResult clears upload result"},{"ancestorTitles":["useFinancialStatements","classifyExtractionError coverage"],"duration":7,"failureDetails":[],"failureMessages":[],"fullName":"useFinancialStatements classifyExtractionError coverage maps \"Request timed out\" to message containing \"timed out\"","invocations":1,"location":null,"numPassingAsserts":1,"retryReasons":[],"status":"passed","title":"maps \"Request timed out\" to message containing \"timed out\""},{"ancestorTitles":["useFinancialStatements","classifyExtractionError coverage"],"duration":11,"failureDetails":[],"failureMessages":[],"fullName":"useFinancialStatements classifyExtractionError coverage maps \"max retries exceeded\" to message containing \"busy\"","invocations":1,"location":null,"numPassingAsserts":1,"retryReasons":[],"status":"passed","title":"maps \"max retries exceeded\" to message containing \"busy\""},{"ancestorTitles":["useFinancialStatements","classifyExtractionError coverage"],"duration":12,"failureDetails":[],"failureMessages":[],"fullName":"useFinancialStatements classifyExtractionError coverage maps \"blob error\" to message containing \"read file\"","invocations":1,"location":null,"numPassingAsserts":1,"retryReasons":[],"status":"passed","title":"maps \"blob error\" to message containing \"read file\""},{"ancestorTitles":["useFinancialStatements","classifyExtractionError coverage"],"duration":10,"failureDetails":[],"failureMessages":[],"fullName":"useFinancialStatements classifyExtractionError coverage maps \"failed to fetch\" to message containing \"read file\"","invocations":1,"location":null,"numPassingAsserts":1,"retryReasons":[],"status":"passed","title":"maps \"failed to fetch\" to message containing \"read file\""},{"ancestorTitles":["useFinancialStatements","classifyExtractionError coverage"],"duration":11,"failureDetails":[],"failureMessages":[],"fullName":"useFinancialStatements classifyExtractionError coverage maps \"422 Unprocessable Entity\" to message containing \"Invalid PDF\"","invocations":1,"location":null,"numPassingAsserts":1,"retryReasons":[],"status":"passed","title":"maps \"422 Unprocessable Entity\" to message containing \"Invalid PDF\""},{"ancestorTitles":["useFinancialStatements","classifyExtractionError coverage"],"duration":10,"failureDetails":[],"failureMessages":[],"fullName":"useFinancialStatements classifyExtractionError coverage maps \"503 Service Unavailable\" to message containing \"temporarily unavailable\"","invocations":1,"location":null,"numPassingAsserts":1,"retryReasons":[],"status":"passed","title":"maps \"503 Service Unavailable\" to message containing \"temporarily unavailable\""},{"ancestorTitles":["useFinancialStatements","classifyExtractionError coverage"],"duration":8,"failureDetails":[],"failureMessages":[],"fullName":"useFinancialStatements classifyExtractionError coverage maps \"ECONNREFUSED\" to message containing \"reach the server\"","invocations":1,"location":null,"numPassingAsserts":1,"retryReasons":[],"status":"passed","title":"maps \"ECONNREFUSED\" to message containing \"reach the server\""},{"ancestorTitles":["useFinancialStatements","classifyExtractionError coverage"],"duration":16,"failureDetails":[],"failureMessages":[],"fullName":"useFinancialStatements classifyExtractionError coverage maps \"table parse failed\" to message containing \"parse\"","invocations":1,"location":null,"numPassingAsserts":1,"retryReasons":[],"status":"passed","title":"maps \"table parse failed\" to message containing \"parse\""},{"ancestorTitles":["useFinancialStatements","derived state flags"],"duration":60,"failureDetails":[],"failureMessages":[],"fullName":"useFinancialStatements derived state flags uploading is true while steps are running","invocations":1,"location":null,"numPassingAsserts":1,"retryReasons":[],"status":"passed","title":"uploading is true while steps are running"},{"ancestorTitles":["useFinancialStatements","derived state flags"],"duration":7,"failureDetails":[],"failureMessages":[],"fullName":"useFinancialStatements derived state flags hasFailedBackgroundStep true when validation errors","invocations":1,"location":null,"numPassingAsserts":1,"retryReasons":[],"status":"passed","title":"hasFailedBackgroundStep true when validation errors"}],"endTime":1773405794064,"message":"  ظù useFinancialStatements ظ║ cancelUpload ظ║ clears processing steps and errors on cancel\n\n    TypeError: rejectUpload is not a function\n\n    \u001b[0m \u001b[90m 387 |\u001b[39m       \u001b[90m// Clean up the hanging promise\u001b[39m\n     \u001b[90m 388 |\u001b[39m       \u001b[36mawait\u001b[39m act(\u001b[36masync\u001b[39m () \u001b[33m=>\u001b[39m {\n    \u001b[31m\u001b[1m>\u001b[22m\u001b[39m\u001b[90m 389 |\u001b[39m         rejectUpload\u001b[33m!\u001b[39m(\u001b[36mnew\u001b[39m \u001b[33mDOMException\u001b[39m(\u001b[32m\"Aborted\"\u001b[39m\u001b[33m,\u001b[39m \u001b[32m\"AbortError\"\u001b[39m))\u001b[33m;\u001b[39m\n     \u001b[90m     |\u001b[39m         \u001b[31m\u001b[1m^\u001b[22m\u001b[39m\n     \u001b[90m 390 |\u001b[39m       })\u001b[33m;\u001b[39m\n     \u001b[90m 391 |\u001b[39m\n     \u001b[90m 392 |\u001b[39m       expect(result\u001b[33m.\u001b[39mcurrent\u001b[33m.\u001b[39mprocessingSteps)\u001b[33m.\u001b[39mtoEqual([])\u001b[33m;\u001b[39m\u001b[0m\n\n      at rejectUpload (__tests__/hooks/useFinancialStatements.test.ts:389:9)\n      at asyncGeneratorStep (node_modules/@babel/runtime/helpers/asyncToGenerator.js:3:17)\n      at _next (node_modules/@babel/runtime/helpers/asyncToGenerator.js:17:9)\n      at node_modules/@babel/runtime/helpers/asyncToGenerator.js:22:7\n      at node_modules/@babel/runtime/helpers/asyncToGenerator.js:14:12\n      at callback (node_modules/@testing-library/react-native/src/act.ts:31:24)\n      at Object.<anonymous>.process.env.NODE_ENV.exports.act (node_modules/react/cjs/react.development.js:789:22)\n      at actImplementation (node_modules/@testing-library/react-native/src/act.ts:30:25)\n      at Object.<anonymous> (__tests__/hooks/useFinancialStatements.test.ts:388:16)\n      at asyncGeneratorStep (node_modules/@babel/runtime/helpers/asyncToGenerator.js:3:17)\n      at _next (node_modules/@babel/runtime/helpers/asyncToGenerator.js:17:9)\n      at node_modules/@babel/runtime/helpers/asyncToGenerator.js:22:7\n      at Object.<anonymous> (node_modules/@babel/runtime/helpers/asyncToGenerator.js:14:12)\n","name":"C:\\Users\\Sager\\OneDrive\\Desktop\\portfolio_app\\mobile-migration\\mobile-app\\__tests__\\hooks\\useFinancialStatements.test.ts","startTime":1773405792480,"status":"failed","summary":""}],"wasInterrupted":false}
